2025-02-20 20:08:55,975 - INFO - slow_function  running time is 2.0011 seconds
2025-02-20 20:08:58,977 - INFO - connect_remote_mongo  running time is 3.0009 seconds
2025-02-20 20:09:12,080 - INFO - slow_function  running time is 2.0012 seconds
2025-02-20 20:09:15,081 - INFO - connect_remote_mongo  running time is 3.0001 seconds
2025-02-20 20:18:14,058 - INFO - slow_function  running time is 2.0009 seconds
2025-02-20 20:18:17,059 - INFO - connect_remote_mongo  running time is 3.0008 seconds
2025-02-20 20:18:44,546 - INFO - slow_function  running time is 2.0004 seconds
2025-02-20 20:18:47,547 - INFO - connect_remote_mongo  running time is 3.0005 seconds
2025-02-20 20:36:52,567 - INFO - slow_function  running time is 2.0012 seconds
2025-02-20 20:36:55,569 - INFO - connect_remote_mongo  running time is 3.0012 seconds
2025-02-20 20:37:06,555 - INFO - slow_function  running time is 0.2011 seconds
2025-02-20 20:37:06,856 - INFO - connect_remote_mongo  running time is 0.3010 seconds
2025-02-20 20:37:30,374 - INFO - slow_function  running time is 0.2008 seconds
2025-02-20 20:37:30,674 - INFO - connect_remote_mongo  running time is 0.3006 seconds
2025-02-20 20:37:45,762 - INFO - slow_function  running time is 0.2002 seconds
2025-02-20 20:37:46,062 - INFO - connect_remote_mongo  running time is 0.3007 seconds
2025-02-20 20:39:17,981 - INFO - slow_function  running time is 0.2009 seconds
2025-02-20 20:39:18,282 - INFO - connect_remote_mongo  running time is 0.3006 seconds
2025-02-20 20:39:47,723 - INFO - slow_function  running time is 0.2006 seconds
2025-02-20 20:39:48,024 - INFO - connect_remote_mongo  running time is 0.3004 seconds
2025-02-20 20:43:08,202 - INFO - slow_function  running time is 0.2017 seconds
2025-02-20 20:43:08,503 - INFO - connect_remote_mongo  running time is 0.3010 seconds
2025-02-20 20:43:08,503 - ERROR - divide Error division by zero
2025-02-20 20:43:36,906 - INFO - slow_function  running time is 0.2003 seconds
2025-02-20 20:43:37,206 - INFO - connect_remote_mongo  running time is 0.3004 seconds
2025-02-20 20:43:37,206 - ERROR - function divide Error division by zero
2025-02-20 20:43:47,265 - INFO - slow_function  running time is 0.2008 seconds
2025-02-20 20:43:47,566 - INFO - connect_remote_mongo  running time is 0.3007 seconds
2025-02-20 20:43:47,566 - ERROR - function [divide] Error division by zero
2025-02-20 20:44:14,320 - INFO - slow_function  running time is 0.2009 seconds
2025-02-20 20:44:14,620 - INFO - connect_remote_mongo  running time is 0.3007 seconds
2025-02-20 20:44:14,620 - ERROR - function [divide] Error division by zero. args=(3, 0)
